<?xml version="1.0" encoding="UTF-8"?>
<testsuite name="com.mypad.PadServiceTest" tests="2" skipped="0" failures="0" errors="0" timestamp="2026-08-13T04:04:03" hostname="cachyos" time="0.032">
  <properties/>
  <testcase name="getOrCreate should create empty pad when missing()" classname="com.mypad.PadServiceTest" time="0.03"/>
  <testcase name="update should persist latest content()" classname="com.mypad.PadServiceTest" time="0.001"/>
  <system-out><![CDATA[]]></system-out>
  <system-err><![CDATA[]]></system-err>
</testsuite>
